{"/home/todd/workspace/multi-api/components/Code.js": {"path":"/home/todd/workspace/multi-api/components/Code.js","statementMap":{"0":{"start":{"line":1,"column":13},"end":{"line":19,"column":1}},"1":{"start":{"line":2,"column":2},"end":{"line":18,"column":8}}},"fnMap":{"0":{"name":"(anonymous_0)","decl":{"start":{"line":1,"column":13},"end":{"line":1,"column":14}},"loc":{"start":{"line":2,"column":2},"end":{"line":18,"column":8}},"line":2}},"branchMap":{},"s":{"0":1,"1":1},"f":{"0":1},"b":{},"_coverageSchema":"332fd63041d2c1bcb487cc26dd0d5f7d97098a6c","hash":"2dbde16cd9259979412b357266abaa2093836c56"}
,"/home/todd/workspace/multi-api/components/Header.js": {"path":"/home/todd/workspace/multi-api/components/Header.js","statementMap":{"0":{"start":{"line":1,"column":15},"end":{"line":16,"column":1}},"1":{"start":{"line":2,"column":2},"end":{"line":15,"column":11}}},"fnMap":{"0":{"name":"(anonymous_0)","decl":{"start":{"line":1,"column":15},"end":{"line":1,"column":16}},"loc":{"start":{"line":2,"column":2},"end":{"line":15,"column":11}},"line":2}},"branchMap":{},"s":{"0":2,"1":1},"f":{"0":1},"b":{},"_coverageSchema":"332fd63041d2c1bcb487cc26dd0d5f7d97098a6c","hash":"69ca5e326cc3c0f60d03dc45f31bb24726770787"}
,"/home/todd/workspace/multi-api/components/Layout.js": {"path":"/home/todd/workspace/multi-api/components/Layout.js","statementMap":{"0":{"start":{"line":4,"column":15},"end":{"line":44,"column":1}},"1":{"start":{"line":5,"column":2},"end":{"line":43,"column":8}}},"fnMap":{"0":{"name":"(anonymous_0)","decl":{"start":{"line":4,"column":15},"end":{"line":4,"column":16}},"loc":{"start":{"line":5,"column":2},"end":{"line":43,"column":8}},"line":5}},"branchMap":{"0":{"loc":{"start":{"line":7,"column":14},"end":{"line":7,"column":58}},"type":"cond-expr","locations":[{"start":{"line":7,"column":22},"end":{"line":7,"column":44}},{"start":{"line":7,"column":47},"end":{"line":7,"column":58}}],"line":7},"1":{"loc":{"start":{"line":15,"column":19},"end":{"line":15,"column":39}},"type":"binary-expr","locations":[{"start":{"line":15,"column":19},"end":{"line":15,"column":24}},{"start":{"line":15,"column":28},"end":{"line":15,"column":39}}],"line":15}},"s":{"0":1,"1":2},"f":{"0":2},"b":{"0":[1,1],"1":[2,1]},"_coverageSchema":"332fd63041d2c1bcb487cc26dd0d5f7d97098a6c","hash":"438bd7f50864d9b905e6e7a5288d7ab96c0fc7e0"}
,"/home/todd/workspace/multi-api/test/jestsetup.js": {"path":"/home/todd/workspace/multi-api/test/jestsetup.js","statementMap":{"0":{"start":{"line":5,"column":0},"end":{"line":5,"column":45}},"1":{"start":{"line":8,"column":0},"end":{"line":8,"column":25}},"2":{"start":{"line":9,"column":0},"end":{"line":9,"column":23}},"3":{"start":{"line":10,"column":0},"end":{"line":10,"column":21}}},"fnMap":{},"branchMap":{},"s":{"0":3,"1":3,"2":3,"3":3},"f":{},"b":{},"_coverageSchema":"332fd63041d2c1bcb487cc26dd0d5f7d97098a6c","hash":"abefbbd5dff6d1f6ad4876252bea0ccb90646da8"}
}
