{"/home/todd/workspace/multi-api/api/create-shurl.js": {"path":"/home/todd/workspace/multi-api/api/create-shurl.js","statementMap":{"0":{"start":{"line":1,"column":16},"end":{"line":1,"column":63}},"1":{"start":{"line":1,"column":23},"end":{"line":1,"column":63}},"2":{"start":{"line":3,"column":18},"end":{"line":6,"column":1}},"3":{"start":{"line":4,"column":16},"end":{"line":4,"column":48}},"4":{"start":{"line":5,"column":2},"end":{"line":5,"column":22}},"5":{"start":{"line":8,"column":18},"end":{"line":8,"column":68}},"6":{"start":{"line":8,"column":44},"end":{"line":8,"column":68}},"7":{"start":{"line":11,"column":0},"end":{"line":20,"column":2}},"8":{"start":{"line":12,"column":18},"end":{"line":12,"column":27}},"9":{"start":{"line":13,"column":2},"end":{"line":13,"column":44}},"10":{"start":{"line":13,"column":12},"end":{"line":13,"column":44}},"11":{"start":{"line":14,"column":2},"end":{"line":14,"column":53}},"12":{"start":{"line":14,"column":21},"end":{"line":14,"column":53}},"13":{"start":{"line":15,"column":32},"end":{"line":15,"column":59}},"14":{"start":{"line":16,"column":2},"end":{"line":19,"column":4}}},"fnMap":{"0":{"name":"(anonymous_0)","decl":{"start":{"line":1,"column":16},"end":{"line":1,"column":17}},"loc":{"start":{"line":1,"column":23},"end":{"line":1,"column":63}},"line":1},"1":{"name":"(anonymous_1)","decl":{"start":{"line":3,"column":18},"end":{"line":3,"column":19}},"loc":{"start":{"line":3,"column":40},"end":{"line":6,"column":1}},"line":3},"2":{"name":"(anonymous_2)","decl":{"start":{"line":8,"column":18},"end":{"line":8,"column":19}},"loc":{"start":{"line":8,"column":44},"end":{"line":8,"column":68}},"line":8},"3":{"name":"(anonymous_3)","decl":{"start":{"line":11,"column":17},"end":{"line":11,"column":18}},"loc":{"start":{"line":11,"column":39},"end":{"line":20,"column":1}},"line":11}},"branchMap":{"0":{"loc":{"start":{"line":13,"column":2},"end":{"line":13,"column":44}},"type":"if","locations":[{"start":{"line":13,"column":2},"end":{"line":13,"column":44}},{"start":{"line":13,"column":2},"end":{"line":13,"column":44}}],"line":13},"1":{"loc":{"start":{"line":14,"column":2},"end":{"line":14,"column":53}},"type":"if","locations":[{"start":{"line":14,"column":2},"end":{"line":14,"column":53}},{"start":{"line":14,"column":2},"end":{"line":14,"column":53}}],"line":14}},"s":{"0":1,"1":2,"2":1,"3":1,"4":1,"5":1,"6":1,"7":1,"8":3,"9":3,"10":1,"11":2,"12":1,"13":1,"14":1},"f":{"0":2,"1":1,"2":1,"3":3},"b":{"0":[1,2],"1":[1,1]},"_coverageSchema":"332fd63041d2c1bcb487cc26dd0d5f7d97098a6c","hash":"bbb5be8d2bc5d37071f9ae297509325cb76cf9bf"}
,"/home/todd/workspace/multi-api/api/open-shurl.js": {"path":"/home/todd/workspace/multi-api/api/open-shurl.js","statementMap":{"0":{"start":{"line":1,"column":0},"end":{"line":5,"column":2}},"1":{"start":{"line":2,"column":14},"end":{"line":2,"column":47}},"2":{"start":{"line":3,"column":2},"end":{"line":3,"column":24}},"3":{"start":{"line":3,"column":12},"end":{"line":3,"column":24}},"4":{"start":{"line":4,"column":2},"end":{"line":4,"column":26}}},"fnMap":{"0":{"name":"(anonymous_0)","decl":{"start":{"line":1,"column":17},"end":{"line":1,"column":18}},"loc":{"start":{"line":1,"column":38},"end":{"line":5,"column":1}},"line":1}},"branchMap":{"0":{"loc":{"start":{"line":3,"column":2},"end":{"line":3,"column":24}},"type":"if","locations":[{"start":{"line":3,"column":2},"end":{"line":3,"column":24}},{"start":{"line":3,"column":2},"end":{"line":3,"column":24}}],"line":3}},"s":{"0":1,"1":2,"2":2,"3":1,"4":1},"f":{"0":2},"b":{"0":[1,1]},"_coverageSchema":"332fd63041d2c1bcb487cc26dd0d5f7d97098a6c","hash":"4aa1cd7e4b22a6519644fa9b8ce673b289cd687f"}
,"/home/todd/workspace/multi-api/api/parser.js": {"path":"/home/todd/workspace/multi-api/api/parser.js","statementMap":{"0":{"start":{"line":1,"column":0},"end":{"line":5,"column":3}},"1":{"start":{"line":1,"column":25},"end":{"line":5,"column":1}}},"fnMap":{"0":{"name":"(anonymous_0)","decl":{"start":{"line":1,"column":17},"end":{"line":1,"column":18}},"loc":{"start":{"line":1,"column":25},"end":{"line":5,"column":1}},"line":1}},"branchMap":{},"s":{"0":1,"1":1},"f":{"0":1},"b":{},"_coverageSchema":"332fd63041d2c1bcb487cc26dd0d5f7d97098a6c","hash":"11adef44ec827095fbf3e3276fe17fbb264644b8"}
,"/home/todd/workspace/multi-api/api/timestamp.js": {"path":"/home/todd/workspace/multi-api/api/timestamp.js","statementMap":{"0":{"start":{"line":1,"column":15},"end":{"line":1,"column":32}},"1":{"start":{"line":3,"column":0},"end":{"line":3,"column":15}},"2":{"start":{"line":5,"column":21},"end":{"line":8,"column":1}},"3":{"start":{"line":6,"column":20},"end":{"line":6,"column":37}},"4":{"start":{"line":7,"column":2},"end":{"line":7,"column":66}},"5":{"start":{"line":10,"column":24},"end":{"line":13,"column":2}},"6":{"start":{"line":10,"column":38},"end":{"line":13,"column":1}},"7":{"start":{"line":15,"column":0},"end":{"line":15,"column":67}},"8":{"start":{"line":15,"column":31},"end":{"line":15,"column":66}}},"fnMap":{"0":{"name":"(anonymous_0)","decl":{"start":{"line":5,"column":21},"end":{"line":5,"column":22}},"loc":{"start":{"line":5,"column":29},"end":{"line":8,"column":1}},"line":5},"1":{"name":"(anonymous_1)","decl":{"start":{"line":10,"column":24},"end":{"line":10,"column":25}},"loc":{"start":{"line":10,"column":38},"end":{"line":13,"column":1}},"line":10},"2":{"name":"(anonymous_2)","decl":{"start":{"line":15,"column":17},"end":{"line":15,"column":18}},"loc":{"start":{"line":15,"column":31},"end":{"line":15,"column":66}},"line":15}},"branchMap":{"0":{"loc":{"start":{"line":7,"column":9},"end":{"line":7,"column":65}},"type":"cond-expr","locations":[{"start":{"line":7,"column":31},"end":{"line":7,"column":40}},{"start":{"line":7,"column":43},"end":{"line":7,"column":65}}],"line":7},"1":{"loc":{"start":{"line":11,"column":8},"end":{"line":11,"column":66}},"type":"cond-expr","locations":[{"start":{"line":11,"column":30},"end":{"line":11,"column":59}},{"start":{"line":11,"column":62},"end":{"line":11,"column":66}}],"line":11},"2":{"loc":{"start":{"line":12,"column":11},"end":{"line":12,"column":80}},"type":"cond-expr","locations":[{"start":{"line":12,"column":33},"end":{"line":12,"column":73}},{"start":{"line":12,"column":76},"end":{"line":12,"column":80}}],"line":12}},"s":{"0":1,"1":1,"2":1,"3":3,"4":3,"5":1,"6":3,"7":1,"8":3},"f":{"0":3,"1":3,"2":3},"b":{"0":[1,2],"1":[2,1],"2":[2,1]},"_coverageSchema":"332fd63041d2c1bcb487cc26dd0d5f7d97098a6c","hash":"b828a8a051141ba60be032147c6c509a37f4b8aa"}
,"/home/todd/workspace/multi-api/api/models/shurl.js": {"path":"/home/todd/workspace/multi-api/api/models/shurl.js","statementMap":{"0":{"start":{"line":1,"column":17},"end":{"line":1,"column":36}},"1":{"start":{"line":3,"column":19},"end":{"line":3,"column":27}},"2":{"start":{"line":4,"column":26},"end":{"line":4,"column":60}},"3":{"start":{"line":6,"column":20},"end":{"line":8,"column":2}},"4":{"start":{"line":10,"column":0},"end":{"line":10,"column":43}},"5":{"start":{"line":11,"column":0},"end":{"line":11,"column":65}}},"fnMap":{},"branchMap":{},"s":{"0":2,"1":2,"2":2,"3":2,"4":2,"5":2},"f":{},"b":{},"_coverageSchema":"332fd63041d2c1bcb487cc26dd0d5f7d97098a6c","hash":"5d219c45f78ab3428aedcd4ca3c1955da552fd46"}
,"/home/todd/workspace/multi-api/components/Code.js": {"path":"/home/todd/workspace/multi-api/components/Code.js","statementMap":{"0":{"start":{"line":1,"column":13},"end":{"line":19,"column":1}},"1":{"start":{"line":2,"column":2},"end":{"line":18,"column":8}}},"fnMap":{"0":{"name":"(anonymous_0)","decl":{"start":{"line":1,"column":13},"end":{"line":1,"column":14}},"loc":{"start":{"line":2,"column":2},"end":{"line":18,"column":8}},"line":2}},"branchMap":{},"s":{"0":1,"1":1},"f":{"0":1},"b":{},"_coverageSchema":"332fd63041d2c1bcb487cc26dd0d5f7d97098a6c","hash":"2dbde16cd9259979412b357266abaa2093836c56"}
,"/home/todd/workspace/multi-api/components/Header.js": {"path":"/home/todd/workspace/multi-api/components/Header.js","statementMap":{"0":{"start":{"line":1,"column":15},"end":{"line":16,"column":1}},"1":{"start":{"line":2,"column":2},"end":{"line":15,"column":11}}},"fnMap":{"0":{"name":"(anonymous_0)","decl":{"start":{"line":1,"column":15},"end":{"line":1,"column":16}},"loc":{"start":{"line":2,"column":2},"end":{"line":15,"column":11}},"line":2}},"branchMap":{},"s":{"0":2,"1":1},"f":{"0":1},"b":{},"_coverageSchema":"332fd63041d2c1bcb487cc26dd0d5f7d97098a6c","hash":"69ca5e326cc3c0f60d03dc45f31bb24726770787"}
,"/home/todd/workspace/multi-api/components/Layout.js": {"path":"/home/todd/workspace/multi-api/components/Layout.js","statementMap":{"0":{"start":{"line":5,"column":15},"end":{"line":46,"column":1}},"1":{"start":{"line":6,"column":2},"end":{"line":45,"column":8}},"2":{"start":{"line":48,"column":0},"end":{"line":51,"column":2}}},"fnMap":{"0":{"name":"(anonymous_0)","decl":{"start":{"line":5,"column":15},"end":{"line":5,"column":16}},"loc":{"start":{"line":6,"column":2},"end":{"line":45,"column":8}},"line":6}},"branchMap":{"0":{"loc":{"start":{"line":8,"column":14},"end":{"line":8,"column":58}},"type":"cond-expr","locations":[{"start":{"line":8,"column":22},"end":{"line":8,"column":44}},{"start":{"line":8,"column":47},"end":{"line":8,"column":58}}],"line":8},"1":{"loc":{"start":{"line":16,"column":19},"end":{"line":16,"column":39}},"type":"binary-expr","locations":[{"start":{"line":16,"column":19},"end":{"line":16,"column":24}},{"start":{"line":16,"column":28},"end":{"line":16,"column":39}}],"line":16}},"s":{"0":1,"1":2,"2":1},"f":{"0":2},"b":{"0":[1,1],"1":[2,1]},"_coverageSchema":"332fd63041d2c1bcb487cc26dd0d5f7d97098a6c","hash":"348886a46f7825ab201351028f8fdb2dc4e84a8d"}
,"/home/todd/workspace/multi-api/test/jestsetup.js": {"path":"/home/todd/workspace/multi-api/test/jestsetup.js","statementMap":{"0":{"start":{"line":5,"column":0},"end":{"line":5,"column":45}},"1":{"start":{"line":8,"column":0},"end":{"line":8,"column":25}},"2":{"start":{"line":9,"column":0},"end":{"line":9,"column":23}},"3":{"start":{"line":10,"column":0},"end":{"line":10,"column":21}}},"fnMap":{},"branchMap":{},"s":{"0":7,"1":7,"2":7,"3":7},"f":{},"b":{},"_coverageSchema":"332fd63041d2c1bcb487cc26dd0d5f7d97098a6c","hash":"abefbbd5dff6d1f6ad4876252bea0ccb90646da8"}
}
